2023-01-17 11:48:37 - Starting EmployeeTest using Java 19.0.1 on INLEN8520066052 with PID 12836 (started by abpandur in C:\Users\abpandur\Downloads\sampleproject\sampleproject)
2023-01-17 11:48:37 - No active profile set, falling back to 1 default profile: "default"
2023-01-17 11:48:39 - Initializing Spring TestDispatcherServlet ''
2023-01-17 11:48:39 - Initializing Servlet ''
2023-01-17 11:48:39 - Completed initialization in 2 ms
2023-01-17 11:48:39 - Started EmployeeTest in 2.461 seconds (JVM running for 4.015)
2023-01-17 11:48:39 - Getting details created
2023-01-17 11:48:42 - Starting SampleprojectApplication using Java 19.0.1 on INLEN8520066052 with PID 22088 (C:\Users\abpandur\Downloads\sampleproject\sampleproject\target\classes started by abpandur in C:\Users\abpandur\Downloads\sampleproject\sampleproject)
2023-01-17 11:48:42 - No active profile set, falling back to 1 default profile: "default"
2023-01-17 11:48:44 - Tomcat initialized with port(s): 8082 (http)
2023-01-17 11:48:44 - Starting service [Tomcat]
2023-01-17 11:48:44 - Starting Servlet engine: [Apache Tomcat/9.0.70]
2023-01-17 11:48:44 - Initializing Spring embedded WebApplicationContext
2023-01-17 11:48:44 - Root WebApplicationContext: initialization completed in 1376 ms
2023-01-17 11:48:44 - Tomcat started on port(s): 8082 (http) with context path ''
2023-01-17 11:48:44 - Started SampleprojectApplication in 2.606 seconds (JVM running for 3.634)
2023-01-17 11:49:00 - Initializing Spring DispatcherServlet 'dispatcherServlet'
2023-01-17 11:49:00 - Initializing Servlet 'dispatcherServlet'
2023-01-17 11:49:00 - Completed initialization in 3 ms
2023-01-17 11:49:13 - Employee created
2023-01-17 11:49:39 - Getting details created
2023-01-17 11:50:03 - Getting details by Id created
2023-01-17 11:50:26 - delete employee by id created
2023-01-17 11:51:19 - Employee created
2023-01-17 11:51:45 - Resolved [org.springframework.web.HttpRequestMethodNotSupportedException: Request method 'POST' not supported]
2023-01-17 11:52:02 - delete emp by dept created
